#
# A fatal error has been detected by the Java Runtime Environment:
#
#  EXCEPTION_ACCESS_VIOLATION (0xc0000005) at pc=0x0667b720, pid=12724, tid=0x00002700
#
# JRE version: Java(TM) SE Runtime Environment (8.0_144-b01) (build 1.8.0_144-b01)
# Java VM: Java HotSpot(TM) Client VM (25.144-b01 mixed mode windows-x86 )
# Problematic frame:
# C  [OTAClient.dll+0x7b720]
#
# Failed to write core dump. Minidumps are not enabled by default on client versions of Windows
#
# If you would like to submit a bug report, please visit:
#   http://bugreport.java.com/bugreport/crash.jsp
#

---------------  T H R E A D  ---------------

Current thread (0x04e3f000):  VMThread [stack: 0x04d10000,0x04d60000] [id=9984]

siginfo: ExceptionCode=0xc0000005, reading address 0x071580ac

Registers:
EAX=0x0000234d, EBX=0x00000000, ECX=0x06df2240, EDX=0x006101b3
ESP=0x04d5f0bc, EBP=0x04d5f0ec, ESI=0x071580ac, EDI=0x00000009
EIP=0x0667b720, EFLAGS=0x00010206

Top of Stack: (sp=0x04d5f0bc)
0x04d5f0bc:   07d9426c 0680c7ec 07d9426c 0680c6b6
0x04d5f0cc:   b9aa8eef 00000009 07d94260 00000000
0x04d5f0dc:   07d9426c 04d5f1fc 0698dfe4 00000000
0x04d5f0ec:   04d5f11c 06867017 07d94260 06867058
0x04d5f0fc:   00000000 06858a70 00000001 07d258e0
0x04d5f10c:   77344a07 07d94260 06e00758 07d258c0
0x04d5f11c:   06e007ac 0685c160 07d258e0 06e00758
0x04d5f12c:   758313e0 07d25890 06e007ac 0685c153 

Instructions: (pc=0x0667b720)
0x0667b700:   46 10 85 c0 74 06 8b 08 50 ff 51 08 8b 46 0c 85
0x0667b710:   c0 74 06 8b 08 50 ff 51 08 8b 76 04 85 f6 74 06
0x0667b720:   8b 06 56 ff 50 08 5e c3 51 80 7e 08 00 75 22 8b
0x0667b730:   46 0c 8b 48 0c 85 c9 74 0d 8b 01 ff 10 8b 40 04 


Register to memory mapping:

EAX=
[error occurred during error reporting (printing register info), id 0xc0000005]

Stack: [0x04d10000,0x04d60000],  sp=0x04d5f0bc,  free space=316k
Native frames: (J=compiled Java code, j=interpreted, Vv=VM code, C=native code)
C  [OTAClient.dll+0x7b720]
C  [OTAClient.dll+0x267017]

VM_Operation (0x00b3eef0): Exit, mode: safepoint, requested by thread 0x00f3f800


---------------  P R O C E S S  ---------------

Java Threads: ( => current thread )
  0x05b7b000 JavaThread "ReaderThread" [_thread_in_native, id=11888, stack(0x06010000,0x06060000)]
  0x04eb8c00 JavaThread "Service Thread" daemon [_thread_blocked, id=1516, stack(0x05940000,0x05990000)]
  0x04e98000 JavaThread "C1 CompilerThread0" daemon [_thread_blocked, id=9848, stack(0x058e0000,0x05930000)]
  0x04e91800 JavaThread "JDWP Command Reader" daemon [_thread_blocked, id=12620, stack(0x05600000,0x05650000)]
  0x04e90800 JavaThread "JDWP Event Helper Thread" daemon [_thread_blocked, id=11276, stack(0x05660000,0x056b0000)]
  0x04e8d800 JavaThread "JDWP Transport Listener: dt_socket" daemon [_thread_blocked, id=9800, stack(0x05750000,0x057a0000)]
  0x04e7fc00 JavaThread "Attach Listener" daemon [_thread_blocked, id=9536, stack(0x051b0000,0x05200000)]
  0x04e6b800 JavaThread "Finalizer" daemon [_thread_blocked, id=4392, stack(0x04da0000,0x04df0000)]
  0x04e65400 JavaThread "Reference Handler" daemon [_thread_blocked, id=11132, stack(0x01270000,0x012c0000)]
  0x00f3f800 JavaThread "main" [_thread_blocked, id=12168, stack(0x00af0000,0x00b40000)]

Other Threads:
=>0x04e3f000 VMThread [stack: 0x04d10000,0x04d60000] [id=9984]

VM state:at safepoint (shutting down)

VM Mutex/Monitor currently owned by a thread:  ([mutex/lock_event])
[0x00f3dbc0] Threads_lock - owner thread: 0x04e3f000

Heap:
 def new generation   total 4928K, used 644K [0x0f200000, 0x0f750000, 0x14750000)
  eden space 4416K,   2% used [0x0f200000, 0x0f221028, 0x0f650000)
  from space 512K, 100% used [0x0f6d0000, 0x0f750000, 0x0f750000)
  to   space 512K,   0% used [0x0f650000, 0x0f650000, 0x0f6d0000)
 tenured generation   total 10944K, used 4167K [0x14750000, 0x15200000, 0x1f200000)
   the space 10944K,  38% used [0x14750000, 0x14b61f98, 0x14b62000, 0x15200000)
 Metaspace       used 6037K, capacity 6098K, committed 6144K, reserved 6528K

Card table byte_map: [0x00910000,0x009a0000] byte_map_base: 0x00897000

Polling page: 0x00240000

CodeCache: size=32768Kb used=1127Kb max_used=1127Kb free=31640Kb
 bounds [0x027e0000, 0x02900000, 0x047e0000]
 total_blobs=454 nmethods=271 adapters=122
 compilation: enabled

Compilation events (10 events):
Event: 1.615 Thread 0x04e98000  269             java.lang.Integer::hashCode (2 bytes)
Event: 1.615 Thread 0x04e98000 nmethod 269 0x028f83c8 code [0x028f84c0, 0x028f8530]
Event: 1.617 Thread 0x04e98000  270             java.lang.Integer::valueOf (9 bytes)
Event: 1.617 Thread 0x04e98000 nmethod 270 0x028f8588 code [0x028f8690, 0x028f87ac]
Event: 1.624 Thread 0x04e98000  271             java.lang.Integer::equals (29 bytes)
Event: 1.625 Thread 0x04e98000 nmethod 271 0x028f88c8 code [0x028f89c0, 0x028f8ac0]
Event: 6.480 Thread 0x04e98000  272  s          java.lang.StringBuffer::toString (36 bytes)
Event: 6.481 Thread 0x04e98000 nmethod 272 0x028f8b48 code [0x028f8c50, 0x028f8eac]
Event: 6.528 Thread 0x04e98000  273             java.util.jar.JarFile::getJarEntry (9 bytes)
Event: 6.528 Thread 0x04e98000 nmethod 273 0x028f8f88 code [0x028f9090, 0x028f915c]

GC Heap History (10 events):
Event: 0.803 GC heap before
{Heap before GC invocations=0 (full 0):
 def new generation   total 4928K, used 4398K [0x0f200000, 0x0f750000, 0x14750000)
  eden space 4416K,  99% used [0x0f200000, 0x0f64b9f8, 0x0f650000)
  from space 512K,   0% used [0x0f650000, 0x0f650000, 0x0f6d0000)
  to   space 512K,   0% used [0x0f6d0000, 0x0f6d0000, 0x0f750000)
 tenured generation   total 10944K, used 0K [0x14750000, 0x15200000, 0x1f200000)
   the space 10944K,   0% used [0x14750000, 0x14750000, 0x14750200, 0x15200000)
 Metaspace       used 2683K, capacity 2700K, committed 2752K, reserved 4480K
Event: 0.805 GC heap after
Heap after GC invocations=1 (full 0):
 def new generation   total 4928K, used 512K [0x0f200000, 0x0f750000, 0x14750000)
  eden space 4416K,   0% used [0x0f200000, 0x0f200000, 0x0f650000)
  from space 512K, 100% used [0x0f6d0000, 0x0f750000, 0x0f750000)
  to   space 512K,   0% used [0x0f650000, 0x0f650000, 0x0f6d0000)
 tenured generation   total 10944K, used 636K [0x14750000, 0x15200000, 0x1f200000)
   the space 10944K,   5% used [0x14750000, 0x147ef088, 0x147ef200, 0x15200000)
 Metaspace       used 2683K, capacity 2700K, committed 2752K, reserved 4480K
}
Event: 1.321 GC heap before
{Heap before GC invocations=1 (full 0):
 def new generation   total 4928K, used 4928K [0x0f200000, 0x0f750000, 0x14750000)
  eden space 4416K, 100% used [0x0f200000, 0x0f650000, 0x0f650000)
  from space 512K, 100% used [0x0f6d0000, 0x0f750000, 0x0f750000)
  to   space 512K,   0% used [0x0f650000, 0x0f650000, 0x0f6d0000)
 tenured generation   total 10944K, used 636K [0x14750000, 0x15200000, 0x1f200000)
   the space 10944K,   5% used [0x14750000, 0x147ef088, 0x147ef200, 0x15200000)
 Metaspace       used 4700K, capacity 4754K, committed 4864K, reserved 5504K
Event: 1.326 GC heap after
Heap after GC invocations=2 (full 0):
 def new generation   total 4928K, used 512K [0x0f200000, 0x0f750000, 0x14750000)
  eden space 4416K,   0% used [0x0f200000, 0x0f200000, 0x0f650000)
  from space 512K, 100% used [0x0f650000, 0x0f6d0000, 0x0f6d0000)
  to   space 512K,   0% used [0x0f6d0000, 0x0f6d0000, 0x0f750000)
 tenured generation   total 10944K, used 1714K [0x14750000, 0x15200000, 0x1f200000)
   the space 10944K,  15% used [0x14750000, 0x148fc8d0, 0x148fca00, 0x15200000)
 Metaspace       used 4700K, capacity 4754K, committed 4864K, reserved 5504K
}
Event: 1.473 GC heap before
{Heap before GC invocations=2 (full 0):
 def new generation   total 4928K, used 4928K [0x0f200000, 0x0f750000, 0x14750000)
  eden space 4416K, 100% used [0x0f200000, 0x0f650000, 0x0f650000)
  from space 512K, 100% used [0x0f650000, 0x0f6d0000, 0x0f6d0000)
  to   space 512K,   0% used [0x0f6d0000, 0x0f6d0000, 0x0f750000)
 tenured generation   total 10944K, used 1714K [0x14750000, 0x15200000, 0x1f200000)
   the space 10944K,  15% used [0x14750000, 0x148fc8d0, 0x148fca00, 0x15200000)
 Metaspace       used 5456K, capacity 5522K, committed 5632K, reserved 6528K
Event: 1.475 GC heap after
Heap after GC invocations=3 (full 0):
 def new generation   total 4928K, used 511K [0x0f200000, 0x0f750000, 0x14750000)
  eden space 4416K,   0% used [0x0f200000, 0x0f200000, 0x0f650000)
  from space 512K,  99% used [0x0f6d0000, 0x0f74fff8, 0x0f750000)
  to   space 512K,   0% used [0x0f650000, 0x0f650000, 0x0f6d0000)
 tenured generation   total 10944K, used 2674K [0x14750000, 0x15200000, 0x1f200000)
   the space 10944K,  24% used [0x14750000, 0x149ec9a8, 0x149eca00, 0x15200000)
 Metaspace       used 5456K, capacity 5522K, committed 5632K, reserved 6528K
}
Event: 1.602 GC heap before
{Heap before GC invocations=3 (full 0):
 def new generation   total 4928K, used 4927K [0x0f200000, 0x0f750000, 0x14750000)
  eden space 4416K, 100% used [0x0f200000, 0x0f650000, 0x0f650000)
  from space 512K,  99% used [0x0f6d0000, 0x0f74fff8, 0x0f750000)
  to   space 512K,   0% used [0x0f650000, 0x0f650000, 0x0f6d0000)
 tenured generation   total 10944K, used 2674K [0x14750000, 0x15200000, 0x1f200000)
   the space 10944K,  24% used [0x14750000, 0x149ec9a8, 0x149eca00, 0x15200000)
 Metaspace       used 5848K, capacity 5906K, committed 6016K, reserved 6528K
Event: 1.605 GC heap after
Heap after GC invocations=4 (full 0):
 def new generation   total 4928K, used 512K [0x0f200000, 0x0f750000, 0x14750000)
  eden space 4416K,   0% used [0x0f200000, 0x0f200000, 0x0f650000)
  from space 512K, 100% used [0x0f650000, 0x0f6d0000, 0x0f6d0000)
  to   space 512K,   0% used [0x0f6d0000, 0x0f6d0000, 0x0f750000)
 tenured generation   total 10944K, used 3446K [0x14750000, 0x15200000, 0x1f200000)
   the space 10944K,  31% used [0x14750000, 0x14aad890, 0x14aada00, 0x15200000)
 Metaspace       used 5848K, capacity 5906K, committed 6016K, reserved 6528K
}
Event: 12.350 GC heap before
{Heap before GC invocations=4 (full 0):
 def new generation   total 4928K, used 4928K [0x0f200000, 0x0f750000, 0x14750000)
  eden space 4416K, 100% used [0x0f200000, 0x0f650000, 0x0f650000)
  from space 512K, 100% used [0x0f650000, 0x0f6d0000, 0x0f6d0000)
  to   space 512K,   0% used [0x0f6d0000, 0x0f6d0000, 0x0f750000)
 tenured generation   total 10944K, used 3446K [0x14750000, 0x15200000, 0x1f200000)
   the space 10944K,  31% used [0x14750000, 0x14aad890, 0x14aada00, 0x15200000)
 Metaspace       used 6000K, capacity 6066K, committed 6144K, reserved 6528K
Event: 12.354 GC heap after
Heap after GC invocations=5 (full 0):
 def new generation   total 4928K, used 512K [0x0f200000, 0x0f750000, 0x14750000)
  eden space 4416K,   0% used [0x0f200000, 0x0f200000, 0x0f650000)
  from space 512K, 100% used [0x0f6d0000, 0x0f750000, 0x0f750000)
  to   space 512K,   0% used [0x0f650000, 0x0f650000, 0x0f6d0000)
 tenured generation   total 10944K, used 4167K [0x14750000, 0x15200000, 0x1f200000)
   the space 10944K,  38% used [0x14750000, 0x14b61f98, 0x14b62000, 0x15200000)
 Metaspace       used 6000K, capacity 6066K, committed 6144K, reserved 6528K
}

Deoptimization events (0 events):
No events

Internal exceptions (10 events):
Event: 0.767 Thread 0x00f3f800 Exception <a 'java/security/PrivilegedActionException'> (0x0f581760) thrown at [C:\workspace\8-2-build-windows-i586-cygwin\jdk8u144\9417\hotspot\src\share\vm\prims\jvm.cpp, line 1390]
Event: 0.767 Thread 0x00f3f800 Exception <a 'java/security/PrivilegedActionException'> (0x0f582660) thrown at [C:\workspace\8-2-build-windows-i586-cygwin\jdk8u144\9417\hotspot\src\share\vm\prims\jvm.cpp, line 1390]
Event: 0.767 Thread 0x00f3f800 Exception <a 'java/security/PrivilegedActionException'> (0x0f582860) thrown at [C:\workspace\8-2-build-windows-i586-cygwin\jdk8u144\9417\hotspot\src\share\vm\prims\jvm.cpp, line 1390]
Event: 1.300 Thread 0x00f3f800 Exception <a 'java/lang/ArrayIndexOutOfBoundsException'> (0x0f58dec8) thrown at [C:\workspace\8-2-build-windows-i586-cygwin\jdk8u144\9417\hotspot\src\share\vm\runtime\sharedRuntime.cpp, line 605]
Event: 1.300 Thread 0x00f3f800 Exception <a 'java/lang/ArrayIndexOutOfBoundsException'> (0x0f58e9f0) thrown at [C:\workspace\8-2-build-windows-i586-cygwin\jdk8u144\9417\hotspot\src\share\vm\runtime\sharedRuntime.cpp, line 605]
Event: 1.466 Thread 0x00f3f800 Exception <a 'java/lang/ArrayIndexOutOfBoundsException'> (0x0f632ae8) thrown at [C:\workspace\8-2-build-windows-i586-cygwin\jdk8u144\9417\hotspot\src\share\vm\runtime\sharedRuntime.cpp, line 605]
Event: 1.467 Thread 0x00f3f800 Exception <a 'java/lang/ArrayIndexOutOfBoundsException'> (0x0f637ea0) thrown at [C:\workspace\8-2-build-windows-i586-cygwin\jdk8u144\9417\hotspot\src\share\vm\runtime\sharedRuntime.cpp, line 605]
Event: 6.678 Thread 0x00f3f800 Exception <a 'com/jacob/com/ComFailException'> (0x0f628e60) thrown at [C:\workspace\8-2-build-windows-i586-cygwin\jdk8u144\9417\hotspot\src\share\vm\prims\jni.cpp, line 709]
Event: 16.344 Thread 0x00f3f800 Exception <a 'java/io/FileNotFoundException'> (0x0f210dd0) thrown at [C:\workspace\8-2-build-windows-i586-cygwin\jdk8u144\9417\hotspot\src\share\vm\prims\jni.cpp, line 709]
Event: 124.527 Thread 0x00f3f800 Exception <a 'java/io/FileNotFoundException'> (0x0f211978) thrown at [C:\workspace\8-2-build-windows-i586-cygwin\jdk8u144\9417\hotspot\src\share\vm\prims\jni.cpp, line 709]

Events (10 events):
Event: 125.927 Executing VM operation: ChangeSingleStep
Event: 125.927 Executing VM operation: ChangeSingleStep done
Event: 125.929 Executing VM operation: EnterInterpOnlyMode
Event: 125.929 Executing VM operation: EnterInterpOnlyMode done
Event: 125.931 loading class java/lang/Shutdown
Event: 125.931 loading class java/lang/Shutdown done
Event: 125.931 loading class java/lang/Shutdown$Lock
Event: 125.932 loading class java/lang/Shutdown$Lock done
Event: 125.934 Thread 0x04e7d000 Thread exited: 0x04e7d000
Event: 125.934 Executing VM operation: Exit


Dynamic libraries:
0x013a0000 - 0x013d3000 	C:\Program Files (x86)\Java\jdk1.8.0_144\bin\javaw.exe
0x77e60000 - 0x77fe0000 	C:\Windows\SysWOW64\ntdll.dll
0x75820000 - 0x75930000 	C:\Windows\syswow64\kernel32.dll
0x773e0000 - 0x77427000 	C:\Windows\syswow64\KERNELBASE.dll
0x76e60000 - 0x76f01000 	C:\Windows\syswow64\ADVAPI32.dll
0x75760000 - 0x7580c000 	C:\Windows\syswow64\msvcrt.dll
0x77a30000 - 0x77a49000 	C:\Windows\SysWOW64\sechost.dll
0x77440000 - 0x77530000 	C:\Windows\syswow64\RPCRT4.dll
0x75700000 - 0x75760000 	C:\Windows\syswow64\SspiCli.dll
0x756f0000 - 0x756fc000 	C:\Windows\syswow64\CRYPTBASE.dll
0x75b80000 - 0x75c80000 	C:\Windows\syswow64\USER32.dll
0x77110000 - 0x771a0000 	C:\Windows\syswow64\GDI32.dll
0x77590000 - 0x7759a000 	C:\Windows\syswow64\LPK.dll
0x77800000 - 0x7789d000 	C:\Windows\syswow64\USP10.dll
0x74360000 - 0x744fe000 	C:\Windows\WinSxS\x86_microsoft.windows.common-controls_6595b64144ccf1df_6.0.7601.18837_none_41e855142bd5705d\COMCTL32.dll
0x770b0000 - 0x77107000 	C:\Windows\syswow64\SHLWAPI.dll
0x77720000 - 0x77780000 	C:\Windows\system32\IMM32.DLL
0x77270000 - 0x7733d000 	C:\Windows\syswow64\MSCTF.dll
0x61f00000 - 0x61f2e000 	C:\Windows\system32\EQDTPSpy.dll
0x61de0000 - 0x61efa000 	C:\Windows\system32\EqDtpHook.dll
0x63bd0000 - 0x63bd8000 	C:\Windows\system32\VDMDBG.dll
0x0f000000 - 0x0f006000 	C:\Windows\system32\detoured_EQ.dll
0x74590000 - 0x745e1000 	C:\Windows\system32\WINSPOOL.DRV
0x74300000 - 0x74356000 	C:\Windows\system32\dlphook.x86.dll
0x74790000 - 0x74799000 	C:\Windows\system32\VERSION.dll
0x76b90000 - 0x76b95000 	C:\Windows\syswow64\PSAPI.DLL
0x75f40000 - 0x76b8c000 	C:\Windows\syswow64\SHELL32.dll
0x778d0000 - 0x77a2d000 	C:\Windows\syswow64\ole32.dll
0x75e30000 - 0x75e65000 	C:\Windows\syswow64\WS2_32.dll
0x75810000 - 0x75816000 	C:\Windows\syswow64\NSI.dll
0x56060000 - 0x5611f000 	C:\Program Files (x86)\Java\jdk1.8.0_144\jre\bin\msvcr100.dll
0x59380000 - 0x5974e000 	C:\Program Files (x86)\Java\jdk1.8.0_144\jre\bin\client\jvm.dll
0x6d1b0000 - 0x6d1b7000 	C:\Windows\system32\WSOCK32.dll
0x6d350000 - 0x6d382000 	C:\Windows\system32\WINMM.dll
0x59370000 - 0x5937c000 	C:\Program Files (x86)\Java\jdk1.8.0_144\jre\bin\verify.dll
0x59340000 - 0x59361000 	C:\Program Files (x86)\Java\jdk1.8.0_144\jre\bin\java.dll
0x59310000 - 0x5933d000 	C:\Windows\system32\jvmhook.dll
0x77340000 - 0x773d1000 	C:\Windows\syswow64\OLEAUT32.dll
0x710c0000 - 0x71145000 	C:\Windows\system32\MSVCP110.dll
0x70fe0000 - 0x710b6000 	C:\Windows\system32\MSVCR110.dll
0x655d0000 - 0x655fa000 	C:\Program Files (x86)\Java\jdk1.8.0_144\jre\bin\jdwp.dll
0x751e0000 - 0x751e7000 	C:\Program Files (x86)\Java\jdk1.8.0_144\jre\bin\npt.dll
0x591d0000 - 0x591e3000 	C:\Program Files (x86)\Java\jdk1.8.0_144\jre\bin\zip.dll
0x75b70000 - 0x75b7b000 	C:\Windows\syswow64\profapi.dll
0x751f0000 - 0x751f8000 	C:\Program Files (x86)\Java\jdk1.8.0_144\jre\bin\dt_socket.dll
0x73eb0000 - 0x73ec0000 	C:\Windows\system32\NLAapi.dll
0x73ea0000 - 0x73eb0000 	C:\Windows\system32\napinsp.dll
0x73e80000 - 0x73e92000 	C:\Windows\system32\pnrpnsp.dll
0x73e40000 - 0x73e7c000 	C:\Windows\System32\mswsock.dll
0x73df0000 - 0x73e34000 	C:\Windows\system32\DNSAPI.dll
0x73de0000 - 0x73de8000 	C:\Windows\System32\winrnr.dll
0x73dc0000 - 0x73ddc000 	C:\ProgramData\FireEye\FireEye Agent\Accessible\NamespaceEvents32_1.dll
0x73db0000 - 0x73dbd000 	C:\Windows\system32\wshbth.dll
0x74770000 - 0x7478c000 	C:\Windows\system32\IPHLPAPI.DLL
0x74760000 - 0x74767000 	C:\Windows\system32\WINNSI.DLL
0x73d40000 - 0x73d78000 	C:\Windows\System32\fwpuclnt.dll
0x73da0000 - 0x73da6000 	C:\Windows\system32\rasadhlp.dll
0x73d90000 - 0x73d95000 	C:\Windows\System32\wshtcpip.dll
0x592f0000 - 0x59306000 	C:\Program Files (x86)\Java\jdk1.8.0_144\jre\bin\net.dll
0x73d80000 - 0x73d86000 	C:\Windows\System32\wship6.dll
0x742a0000 - 0x742b7000 	C:\Windows\system32\CRYPTSP.dll
0x741b0000 - 0x741eb000 	C:\Windows\system32\rsaenh.dll
0x778b0000 - 0x778c7000 	C:\Windows\syswow64\USERENV.dll
0x6acf0000 - 0x6ad02000 	C:\Windows\system32\dhcpcsvc.DLL
0x6ace0000 - 0x6aced000 	C:\Windows\system32\dhcpcsvc6.DLL
0x592c0000 - 0x592cf000 	C:\Program Files (x86)\Java\jdk1.8.0_144\jre\bin\nio.dll
0x65d80000 - 0x65daf000 	C:\Users\faluzonr\eclipse-workspace\FWK_AT_CMR\jacob-1.18-x86.dll
0x771c0000 - 0x77243000 	C:\Windows\syswow64\CLBCatQ.DLL
0x742f0000 - 0x742fe000 	C:\Windows\system32\RpcRtRemote.dll
0x6a190000 - 0x6a210000 	C:\Windows\system32\uxtheme.dll
0x05020000 - 0x05058000 	c:\program files (x86)\hp\unified functional testing\bin\eventshook.dll
0x6b190000 - 0x6b1cc000 	C:\Windows\system32\OLEACC.dll
0x59270000 - 0x59288000 	c:\program files (x86)\hp\unified functional testing\bin\MicPackVariant.dll
0x6a170000 - 0x6a183000 	C:\Windows\system32\dwmapi.dll
0x06600000 - 0x06dcc000 	C:\Users\faluzonr\AppData\Local\HP\ALM-Client\12.55.0.0.es_952\OTAClient.dll
0x75c80000 - 0x75da1000 	C:\Windows\syswow64\CRYPT32.dll
0x77430000 - 0x7743c000 	C:\Windows\syswow64\MSASN1.dll
0x66210000 - 0x6626f000 	C:\Windows\system32\SXS.DLL
0x07030000 - 0x07143000 	C:\ProgramData\HP\ALM-Client\12.55.0.0.es_952\WebClient.dll
0x76bb0000 - 0x76e5b000 	C:\Windows\syswow64\wininet.dll
0x77a50000 - 0x77a54000 	C:\Windows\syswow64\api-ms-win-downlevel-user32-l1-1-0.dll
0x778a0000 - 0x778a4000 	C:\Windows\syswow64\api-ms-win-downlevel-shlwapi-l1-1-0.dll
0x76ba0000 - 0x76ba4000 	C:\Windows\syswow64\api-ms-win-downlevel-version-l1-1-0.dll
0x77260000 - 0x77263000 	C:\Windows\syswow64\api-ms-win-downlevel-normaliz-l1-1-0.dll
0x77e30000 - 0x77e33000 	C:\Windows\syswow64\normaliz.DLL
0x75930000 - 0x75b64000 	C:\Windows\syswow64\iertutil.dll
0x75f30000 - 0x75f35000 	C:\Windows\syswow64\api-ms-win-downlevel-advapi32-l1-1-0.dll
0x68e90000 - 0x68f88000 	C:\Windows\system32\Cryptui.dll
0x69c70000 - 0x69cc8000 	C:\Windows\system32\winhttp.dll
0x69c20000 - 0x69c70000 	C:\Windows\system32\webio.dll
0x657e0000 - 0x657f9000 	C:\Windows\system32\olepro32.dll
0x74690000 - 0x74698000 	C:\Windows\system32\Secur32.dll
0x6d290000 - 0x6d294000 	C:\Windows\system32\api-ms-win-downlevel-advapi32-l2-1-0.dll
0x77250000 - 0x77254000 	C:\Windows\syswow64\api-ms-win-downlevel-ole32-l1-1-0.dll
0x775d0000 - 0x7771b000 	C:\Windows\syswow64\urlmon.dll
0x592d0000 - 0x592d4000 	C:\Windows\system32\api-ms-win-downlevel-shlwapi-l2-1-0.dll
0x742c0000 - 0x742c8000 	C:\Windows\system32\credssp.dll
0x6cda0000 - 0x6cde1000 	C:\Windows\SysWOW64\schannel.dll
0x6ce10000 - 0x6ce49000 	C:\Windows\system32\ncrypt.dll
0x6cdf0000 - 0x6ce07000 	C:\Windows\system32\bcrypt.dll
0x6a030000 - 0x6a06d000 	C:\Windows\SysWOW64\bcryptprimitives.dll
0x742d0000 - 0x742e6000 	C:\Windows\system32\GPAPI.dll
0x6ccb0000 - 0x6cd9b000 	C:\Windows\system32\dbghelp.dll

VM Arguments:
jvm_args: -agentlib:jvmhook -agentlib:jdwp=transport=dt_socket,suspend=y,address=localhost:50675 -ea -Dfile.encoding=Cp1252 -Xrunjvmhook -Xbootclasspath/a:C:\Program Files (x86)\HP\Unified Functional Testing\bin\java_shared\classes;C:\Program Files (x86)\HP\Unified Functional Testing\bin\java_shared\classes\jasmine.jar 
java_command: org.testng.remote.RemoteTestNG -serport 50674 -protocol json -d C:\Users\faluzonr\eclipse-workspace\FWK_AT_CMR\test-output C:\Users\faluzonr\AppData\Local\Temp\testng-eclipse--1633341932\testng-customsuite.xml
java_class_path (initial): C:\Users\faluzonr\eclipse\java-oxygen\eclipse\configuration\org.eclipse.osgi\507\0\.cp\lib\testng-remote.jar;C:\Program Files (x86)\Java\jdk1.8.0_144\jre\lib\resources.jar;C:\Program Files (x86)\Java\jdk1.8.0_144\jre\lib\rt.jar;C:\Program Files (x86)\Java\jdk1.8.0_144\jre\lib\jsse.jar;C:\Program Files (x86)\Java\jdk1.8.0_144\jre\lib\jce.jar;C:\Program Files (x86)\Java\jdk1.8.0_144\jre\lib\charsets.jar;C:\Program Files (x86)\Java\jdk1.8.0_144\jre\lib\jfr.jar;C:\Program Files (x86)\HP\Unified Functional Testing\bin\java_shared\classes\jasmine.jar;C:\Program Files (x86)\Java\jdk1.8.0_144\jre\lib\ext\access-bridge-32.jar;C:\Program Files (x86)\Java\jdk1.8.0_144\jre\lib\ext\cldrdata.jar;C:\Program Files (x86)\Java\jdk1.8.0_144\jre\lib\ext\dnsns.jar;C:\Program Files (x86)\Java\jdk1.8.0_144\jre\lib\ext\jaccess.jar;C:\Program Files (x86)\Java\jdk1.8.0_144\jre\lib\ext\jfxrt.jar;C:\Program Files (x86)\Java\jdk1.8.0_144\jre\lib\ext\localedata.jar;C:\Program Files (x86)\Java\jdk1.8.0_144\jre\lib\ext\nashorn.jar;C:\Program Files (x86)\Java\jdk1.8.0_144\jre\lib\ext\sunec.jar;C:\Program Files (x86)\Java\jdk1.8.0_144\jre\lib\ext\sunjce_provider.jar;C:\Program Files (x86)\Java\jdk1.8.0_144\jre\lib\ext\sunmscapi.jar;C:\Program Files (x86)\Java\jdk1.8.0_144\jre\lib\ext\sunpkcs11.jar;C:\Program Files (x86)\Java\jdk1.8.0_144\jre\lib\ext\zipfs.jar;C:\Users\faluzonr\eclipse-workspace\FWK_AT_CMR\bin;C:\Users\faluzonr\eclipse-workspace\FWK_AT_CMR\lib\testng-6.9.4.jar;C:\Users\faluzonr\eclipse-workspace\FWK_AT_CMR\lib\commons-codec-1.10.jar;C:\Users\faluzonr\eclipse-workspace\FWK_AT_CMR\lib\commons-collections4-4.1.jar;C:\Users\faluzonr\eclipse-workspace\FWK_AT_CMR\lib\commons-logging-1.2.jar;C:\Users\faluzonr\eclipse-workspace\FWK_AT_CMR\lib\curvesapi-1.04.jar;C:\Users\faluzonr\eclipse-workspace\FWK_AT_CMR\lib\junit-4.12.jar;C:\Users\faluzonr\eclipse-workspace\FWK_AT_CMR\lib\poi-3.17.jar;C:\Users\faluzonr\eclipse-workspace\FWK_AT_CMR\lib\poi-examples-3.17.jar;C:
Launcher Type: SUN_STANDARD

Environment Variables:
JAVA_HOME=C:\Program Files (x86)\Java\jdk1.7.0_80
JAVA_TOOL_OPTIONS=-agentlib:jvmhook
_JAVA_OPTIONS=-Xrunjvmhook -Xbootclasspath/a:"C:\Program Files (x86)\HP\Unified Functional Testing\bin\java_shared\classes";"C:\Program Files (x86)\HP\Unified Functional Testing\bin\java_shared\classes\jasmine.jar"
PATH=C:\Program Files (x86)\Java\jdk1.8.0_144\jre\bin;C:/Program Files (x86)/Java/jdk1.8.0_144/bin/../jre/bin/client;C:/Program Files (x86)/Java/jdk1.8.0_144/bin/../jre/bin;C:/Program Files (x86)/Java/jdk1.8.0_144/bin/../jre/lib/i386;C:\Windows\system32;C:\Windows;C:\Windows\System32\Wbem;C:\Program Files (x86)\Java\jdk1.8.0_144\bin;C:\Windows\system32;;C:\Program Files (x86)\HP\Unified Functional Testing\\bin
USERNAME=faluzonr
OS=Windows_NT
PROCESSOR_IDENTIFIER=Intel64 Family 6 Model 78 Stepping 3, GenuineIntel



---------------  S Y S T E M  ---------------

OS: Windows 7 , 64 bit Build 7601 (6.1.7601.23677)

CPU:total 4 (initial active 4) (2 cores per cpu, 2 threads per core) family 6 model 78 stepping 3, cmov, cx8, fxsr, mmx, sse, sse2, sse3, ssse3, sse4.1, sse4.2, popcnt, avx, avx2, aes, clmul, erms, 3dnowpref, lzcnt, ht, tsc, tscinvbit, bmi1, bmi2, adx

Memory: 4k page, physical 7802048k(2123800k free), swap 15602236k(8283816k free)

vm_info: Java HotSpot(TM) Client VM (25.144-b01) for windows-x86 JRE (1.8.0_144-b01), built on Jul 21 2017 21:58:05 by "java_re" with MS VC++ 10.0 (VS2010)

time: Fri Oct 27 14:58:41 2017
elapsed time: 126 seconds (0d 0h 2m 6s)

